0 info it worked if it ends with ok
1 verbose cli [ '/usr/bin/nodejs', '/usr/bin/npm', 'publish' ]
2 info using npm@3.6.0
3 info using node@v5.6.0
4 verbose publish [ '.' ]
5 silly cache add args [ '.', null ]
6 verbose cache add spec .
7 silly cache add parsed spec Result {
7 silly cache add   raw: '.',
7 silly cache add   scope: null,
7 silly cache add   name: null,
7 silly cache add   rawSpec: '.',
7 silly cache add   spec: '/home/miracle/github/getopt-c',
7 silly cache add   type: 'directory' }
8 verbose addLocalDirectory /home/miracle/.npm/getopt-c/1.3.1/package.tgz not in flight; packing
9 verbose correctMkdir /home/miracle/.npm correctMkdir not in flight; initializing
10 info lifecycle getopt-c@1.3.1~prepublish: getopt-c@1.3.1
11 silly lifecycle getopt-c@1.3.1~prepublish: no script for prepublish, continuing
12 verbose tar pack [ '/home/miracle/.npm/getopt-c/1.3.1/package.tgz',
12 verbose tar pack   '/home/miracle/github/getopt-c' ]
13 verbose tarball /home/miracle/.npm/getopt-c/1.3.1/package.tgz
14 verbose folder /home/miracle/github/getopt-c
15 verbose addLocalTarball adding from inside cache /home/miracle/.npm/getopt-c/1.3.1/package.tgz
16 verbose correctMkdir /home/miracle/.npm correctMkdir not in flight; initializing
17 silly cache afterAdd getopt-c@1.3.1
18 verbose afterAdd /home/miracle/.npm/getopt-c/1.3.1/package/package.json not in flight; writing
19 verbose correctMkdir /home/miracle/.npm correctMkdir not in flight; initializing
20 verbose afterAdd /home/miracle/.npm/getopt-c/1.3.1/package/package.json written
21 silly publish { name: 'getopt-c',
21 silly publish   version: '1.3.1',
21 silly publish   description: 'C getopt()',
21 silly publish   main: 'index.js',
21 silly publish   scripts: { test: 'echo "Error: no test specified" && exit 1' },
21 silly publish   repository: { type: 'git', url: 'git://github.com/miracle-jr/getopt-c.git' },
21 silly publish   keywords: [ 'getopt', 'parser', 'arg' ],
21 silly publish   author: { name: 'miracle-jr' },
21 silly publish   license: 'MIT',
21 silly publish   readme: 'getopt-c\n============\n\nOverview\n\n[![NPM version][npm-image]][npm-url]\n\ngetopt-c implements the posix C getopt() function for Node.getopt() provides a function for parse option.\n\nInstall the npm package in:\n\n\t$ npm install getopt-c\n\n\nAdd a simple method to use, use parseArgs() method to quite use option:\n\n\tvar optparse = require(\'getopt-c\');\n\n\tvar parse = optparse(process.argv).addUsage(\'usage%prog -f <file> -d <dictionary>\').addOption(\'-f\', \'fname\').addOption(\'-d\', \'dname\');\n\n\tvar options = parse.parseArgs();\n\n\tconsole.log(parse.usage);\n\n\tconsole.log(options.fname);\n\tconsole.log(options.dname);\n\t\n\t----------------------------------------\n\t$ cmd node test3.js -f evil -d /home\n\tusage%prog -f <file> -d <dictionary>\n\tevil\n\t/home\n\n\t\n\t\nHere\'s how to use:\n\n       var opt_parser = require(\'getopt-c\');\n       var parser, opt;\n\n       parser = opt_parser(process.argv, \'ab:\');\n\n       while ((opt = parser.getopt()) !== undefined) {\n       \t     switch(opt.option) {\n\t     case \'a\':\n\t     \t  console.log(\'option a is set);\n\t\t  break;\n\t     case \'b\':\n\t     \t  console.log(\'option b has arg: \' + opt.arg)\'\n\t\t  break;\n\t     case \'?\':\n\t     \t  console.log(\'unknow option\');\n\t\t  break;\n\t     }\n       }\n\nExamples:\n\n\t$ cmd -a -btest\n\toption a is set\n\toption b has arg: test\n\n\t$ cmd -b ouput\n\toption b has arg: ouput\n\nTest:\n\n\tvar optparse = require(\'../index\');\n\n\tvar parse = new optparse(process.argv, \'ab:c:de:\',\n\t    \t\t \t\t     [\n\t\t\t\t\t\t{\n\t\t\t\t\t\t\tname: \'arg\',\n\t\t\t     \t\t\t\thas_arg: false,\n\t\t\t     \t\t\t\tval: \'a\'\n\t\t\t   \t\t\t},\n\t\t\t   \t\t\t{\n\t\t\t\t\t\t\tname: \'brg\',\n\t\t\t     \t\t\t\thas_arg: true,\n\t\t\t     \t\t\t\tval: \'b\'\n\t\t\t   \t\t\t}\n\t\t\t \t\t     ]);\n\n\tconsole.log("optind: " + parse.getoptind());\n\tconsole.log("---------------------------------");\n\tvar opt;\n\twhile ((opt = parse.getopt_long()) !== undefined) {\n\t  console.log("optind: " + parse.getoptind() + ", argv[]:" + process.argv[parse.getoptind()]);\n\t    switch (opt.option) {\n\t      case \'a\':\n\t          console.log("hava option: -a");\n\t\t      break;\n\t      case \'b\':\n\t          console.log("hava option: -b");\n\t\t  console.log("The argument of -b is " + opt.arg);\n\t\t  break;\n\t     case \'c\':\n    \t     \t  console.log("hava option: -c");\n    \t\t  console.log("The argument of -c is " + opt.arg);\n    \t\t  break;\n  \t     case \'d\':\n    \t     \t  console.log("hava option: -d");\n    \t     \t  break;\n             case \'e\':\n    \t     \t  console.log("hava option: -e");\n    \t\t  console.log("The argument of -e is " + opt.arg);\n    \t\t  break;\n             case \'?\':\n    \t     console.log("unknown option: " + opt.option);\n    \t     break;\n  \t     }\n  \t     console.log("");\n\t}\n\tconsole.log("---------------------------------");\n\tconsole.log("optind: " + parse.getoptind() + ", argv[]:" + process.argv[parse.getoptind()]);\n\tconsole.log(parse.getArg());\n\ntestOutput:\n\n\t$ cmd node test2.js --arg --brg btest argument \n\toptind: 2\n\t---------------------------------\n\toptind: 3, argv[]:--brg\n\thava option: -a\n\n\toptind: 5, argv[]:undefined\n\thava option: -b\n\tThe argument of -b is btest\n\n\t---------------------------------\n\toptind: 5, argv[]:undefined\n\t[ \'argument\' ]\n\t\n\t\nNew:\n\t\n\tcan use new parser(argv, [{name: \'\', has_arg: false, val: \'a\'}]) instead of new parser(argv, "a")\n\n\nAPI\n---\n\n### `parser.getoptind()`\n\nReturns the next argv-argument index.\n\n### `parser.getopt()`\n\nReturns the next argument.\n\n### `parser.getopt_long()`\n\nAdd long opt support\n\n### `parser.getArg()`\n\nReturn not opt argument\n',
21 silly publish   readmeFilename: 'README.md',
21 silly publish   gitHead: '0614978e3399b1da0e685583db0081b4ff7cf4a9',
21 silly publish   bugs: { url: 'https://github.com/miracle-jr/getopt-c/issues' },
21 silly publish   homepage: 'https://github.com/miracle-jr/getopt-c#readme',
21 silly publish   _id: 'getopt-c@1.3.1',
21 silly publish   _shasum: 'd818882107089b935425bec64ce1c2dd96823cda',
21 silly publish   _from: '.' }
22 verbose getPublishConfig undefined
23 silly mapToRegistry name getopt-c
24 silly mapToRegistry using default registry
25 silly mapToRegistry registry https://registry.npmjs.org/
26 silly mapToRegistry uri https://registry.npmjs.org/getopt-c
27 verbose publish registryBase https://registry.npmjs.org/
28 silly publish uploading /home/miracle/.npm/getopt-c/1.3.1/package.tgz
29 verbose request uri https://registry.npmjs.org/getopt-c
30 verbose request sending authorization for write operation
31 info attempt registry request try #1 at 2:30:15 PM
32 verbose request using bearer token for auth
33 verbose request id 2e524f496235438e
34 http request PUT https://registry.npmjs.org/getopt-c
35 http 403 https://registry.npmjs.org/getopt-c
36 verbose headers { 'content-type': 'application/json',
36 verbose headers   'cache-control': 'max-age=300',
36 verbose headers   'content-length': '95',
36 verbose headers   'accept-ranges': 'bytes',
36 verbose headers   date: 'Mon, 23 May 2016 06:30:16 GMT',
36 verbose headers   via: '1.1 varnish',
36 verbose headers   connection: 'keep-alive',
36 verbose headers   'x-served-by': 'cache-lax1427-LAX',
36 verbose headers   'x-cache': 'MISS',
36 verbose headers   'x-cache-hits': '0',
36 verbose headers   'x-timer': 'S1463985016.622005,VS0,VE276',
36 verbose headers   vary: 'Accept-Encoding' }
37 verbose request invalidating /home/miracle/.npm/registry.npmjs.org/getopt-c on PUT
38 error publish Failed PUT 403
39 verbose stack Error: "You cannot publish over the previously published version 1.3.1." : getopt-c
39 verbose stack     at makeError (/usr/lib/node_modules/npm/node_modules/npm-registry-client/lib/request.js:264:12)
39 verbose stack     at CachingRegistryClient.<anonymous> (/usr/lib/node_modules/npm/node_modules/npm-registry-client/lib/request.js:252:14)
39 verbose stack     at Request._callback (/usr/lib/node_modules/npm/node_modules/npm-registry-client/lib/request.js:172:14)
39 verbose stack     at Request.self.callback (/usr/lib/node_modules/npm/node_modules/request/request.js:198:22)
39 verbose stack     at emitTwo (events.js:100:13)
39 verbose stack     at Request.emit (events.js:185:7)
39 verbose stack     at Request.<anonymous> (/usr/lib/node_modules/npm/node_modules/request/request.js:1035:10)
39 verbose stack     at emitOne (events.js:95:20)
39 verbose stack     at Request.emit (events.js:182:7)
39 verbose stack     at IncomingMessage.<anonymous> (/usr/lib/node_modules/npm/node_modules/request/request.js:962:12)
40 verbose statusCode 403
41 verbose pkgid getopt-c
42 verbose cwd /home/miracle/github/getopt-c
43 error Linux 4.2.0-16-generic
44 error argv "/usr/bin/nodejs" "/usr/bin/npm" "publish"
45 error node v5.6.0
46 error npm  v3.6.0
47 error code E403
48 error "You cannot publish over the previously published version 1.3.1." : getopt-c
49 error If you need help, you may report this error at:
49 error     <https://github.com/npm/npm/issues>
50 verbose exit [ 1, true ]
